Particle properties:{
	mass=9.10938e-31
	x=1
	y=2
	z=5
	vx=0
	vy0
	vz=0
	charge=-1.60218e-19
}
Wave properties:{
	amplitude=9.000000
	frequency=2.000000
	wavelength=5.000000
	phase=1.000000
	intensity=5.000000
	polarization[0]=2.000000
	polarization[1]=6.000000
	polarization[2]=2.000000
	Velocity={
		Direction={
			x=95.000000
			y=5.000000
			z=1.000000
		}
		speed=10.000000
	}
}Created particle:
Particle properties:{
	mass=1e+51
	x=-6.38266e-19
	y=2.0492e-19
	z=-1.18996e-18
	vx=0
	vy0
	vz=0
	charge=0
}
Created particle:
Particle properties:{
	mass=1e+51
	x=5.06683e-17
	y=1.14757e-17
	z=2.71056e-17
	vx=0
	vy0
	vz=0
	charge=0
}
Created particle:
Particle properties:{
	mass=1e+51
	x=1.43666e-16
	y=6.10448e-17
	z=-1.74152e-16
	vx=0
	vy0
	vz=0
	charge=0
}
Created particle:
Particle properties:{
	mass=1e+51
	x=5.14233e-16
	y=-2.14661e-16
	z=-2.61859e-16
	vx=0
	vy0
	vz=0
	charge=0
}
Created particle:
Particle properties:{
	mass=1e+51
	x=1.97361e-17
	y=-4.14424e-17
	z=4.21116e-17
	vx=0
	vy0
	vz=0
	charge=0
}
Created particle:
Particle properties:{
	mass=1e+51
	x=-7.53717e-17
	y=-7.51807e-17
	z=-9.95368e-18
	vx=0
	vy0
	vz=0
	charge=0
}
Created particle:
Particle properties:{
	mass=1e+51
	x=9.68322e-17
	y=-1.23811e-16
	z=3.43669e-17
	vx=0
	vy0
	vz=0
	charge=0
}
Created particle:
Particle properties:{
	mass=1e+51
	x=1.06233e-16
	y=-6.65029e-16
	z=3.4945e-16
	vx=0
	vy0
	vz=0
	charge=0
}
Created particle:
Particle properties:{
	mass=1e+51
	x=-2.88162e-16
	y=2.08888e-16
	z=3.70608e-16
	vx=0
	vy0
	vz=0
	charge=0
}
Created particle:
Particle properties:{
	mass=1e+51
	x=1.01419e-17
	y=3.10861e-17
	z=3.61365e-16
	vx=0
	vy0
	vz=0
	charge=0
}
Created particle:
Particle properties:{
	mass=1e+51
	x=8.49005e-18
	y=-2.50849e-18
	z=-1.56551e-17
	vx=0
	vy0
	vz=0
	charge=0
}
Created particle:
Particle properties:{
	mass=1e+51
	x=-5.36561e-17
	y=-1.17767e-16
	z=-1.62312e-16
	vx=0
	vy0
	vz=0
	charge=0
}
Created particle:
Particle properties:{
	mass=1e+51
	x=-5.52241e-17
	y=2.07093e-16
	z=4.57921e-17
	vx=0
	vy0
	vz=0
	charge=0
}
Created particle:
Particle properties:{
	mass=1e+51
	x=-1.968e-18
	y=-2.40271e-18
	z=6.6927e-19
	vx=0
	vy0
	vz=0
	charge=0
}
Created particle:
Particle properties:{
	mass=1e+51
	x=-4.64216e-16
	y=-5.91699e-16
	z=-3.03891e-16
	vx=0
	vy0
	vz=0
	charge=0
}
Created particle:
Particle properties:{
	mass=1e+51
	x=6.15385e-18
	y=1.47216e-17
	z=-3.24229e-18
	vx=0
	vy0
	vz=0
	charge=0
}
Created particle:
Particle properties:{
	mass=1e+51
	x=-3.65222e-18
	y=-3.10382e-17
	z=-1.14596e-16
	vx=0
	vy0
	vz=0
	charge=0
}
Created particle:
Particle properties:{
	mass=1e+51
	x=-1.09315e-17
	y=1.95878e-17
	z=4.85139e-18
	vx=0
	vy0
	vz=0
	charge=0
}
Created particle:
Particle properties:{
	mass=1e+51
	x=-6.36445e-17
	y=-5.47983e-18
	z=-1.75023e-17
	vx=0
	vy0
	vz=0
	charge=0
}
Created particle:
Particle properties:{
	mass=1e+51
	x=1.27627e-16
	y=2.91994e-17
	z=1.93361e-16
	vx=0
	vy0
	vz=0
	charge=0
}
Created particle:
Particle properties:{
	mass=1e+51
	x=-6.41118e-16
	y=-6.87886e-16
	z=3.18812e-16
	vx=0
	vy0
	vz=0
	charge=0
}
Created particle:
Particle properties:{
	mass=1e+51
	x=1.8621e-16
	y=-4.98625e-16
	z=-3.88234e-16
	vx=0
	vy0
	vz=0
	charge=0
}
Created particle:
Particle properties:{
	mass=1e+51
	x=-4.04169e-18
	y=-4.75498e-17
	z=-6.34669e-17
	vx=0
	vy0
	vz=0
	charge=0
}
Created particle:
Particle properties:{
	mass=1e+51
	x=-8.71386e-19
	y=-2.39662e-18
	z=-8.91913e-19
	vx=0
	vy0
	vz=0
	charge=0
}
Created particle:
Particle properties:{
	mass=1e+51
	x=-2.29083e-17
	y=2.13313e-16
	z=9.47746e-19
	vx=0
	vy0
	vz=0
	charge=0
}
Created particle:
Particle properties:{
	mass=1e+51
	x=-3.27169e-16
	y=1.164e-16
	z=9.12356e-17
	vx=0
	vy0
	vz=0
	charge=0
}
Created particle:
Particle properties:{
	mass=1e+51
	x=-4.40127e-17
	y=-7.19189e-17
	z=-3.57561e-17
	vx=0
	vy0
	vz=0
	charge=0
}
Created particle:
Particle properties:{
	mass=1e+51
	x=-2.30937e-19
	y=1.45721e-19
	z=-2.72538e-19
	vx=0
	vy0
	vz=0
	charge=0
}
Created particle:
Particle properties:{
	mass=1e+51
	x=1.37428e-17
	y=-9.57757e-18
	z=-2.13103e-17
	vx=0
	vy0
	vz=0
	charge=0
}
Created particle:
Particle properties:{
	mass=1e+51
	x=-3.29165e-16
	y=3.21115e-16
	z=1.97803e-16
	vx=0
	vy0
	vz=0
	charge=0
}
Created particle:
Particle properties:{
	mass=1e+51
	x=-6.66976e-16
	y=4.03802e-16
	z=1.00419e-16
	vx=0
	vy0
	vz=0
	charge=0
}
Created particle:
Particle properties:{
	mass=1e+51
	x=1.85686e-16
	y=1.07606e-16
	z=2.81436e-16
	vx=0
	vy0
	vz=0
	charge=0
}
Created particle:
Particle properties:{
	mass=1e+51
	x=8.44111e-18
	y=3.61262e-16
	z=3.98819e-17
	vx=0
	vy0
	vz=0
	charge=0
}
Created particle:
Particle properties:{
	mass=1e+51
	x=-6.19556e-16
	y=-3.19681e-16
	z=-1.3276e-16
	vx=0
	vy0
	vz=0
	charge=0
}
Created particle:
Particle properties:{
	mass=1e+51
	x=2.55625e-16
	y=-8.85535e-17
	z=2.55412e-16
	vx=0
	vy0
	vz=0
	charge=0
}
Created particle:
Particle properties:{
	mass=1e+51
	x=1.41689e-16
	y=8.1083e-17
	z=3.17084e-17
	vx=0
	vy0
	vz=0
	charge=0
}
Created particle:
Particle properties:{
	mass=1e+51
	x=1.73777e-16
	y=-2.71001e-16
	z=-1.8634e-16
	vx=0
	vy0
	vz=0
	charge=0
}
Created particle:
Particle properties:{
	mass=1e+51
	x=-6.92606e-17
	y=-1.45478e-17
	z=-3.97656e-17
	vx=0
	vy0
	vz=0
	charge=0
}
Created particle:
Particle properties:{
	mass=1e+51
	x=1.15475e-16
	y=-4.16076e-16
	z=6.13399e-17
	vx=0
	vy0
	vz=0
	charge=0
}
Created particle:
Particle properties:{
	mass=1e+51
	x=6.63004e-18
	y=-5.72441e-18
	z=-1.60703e-18
	vx=0
	vy0
	vz=0
	charge=0
}
Created particle:
Particle properties:{
	mass=1e+51
	x=-2.28537e-17
	y=-2.32104e-17
	z=4.74379e-17
	vx=0
	vy0
	vz=0
	charge=0
}
Created particle:
Particle properties:{
	mass=1e+51
	x=1.57843e-16
	y=4.91818e-16
	z=6.00632e-16
	vx=0
	vy0
	vz=0
	charge=0
}
Created particle:
Particle properties:{
	mass=1e+51
	x=1.27507e-17
	y=-5.33536e-18
	z=-1.09374e-17
	vx=0
	vy0
	vz=0
	charge=0
}
Created particle:
Particle properties:{
	mass=1e+51
	x=-6.28215e-16
	y=3.79278e-16
	z=3.87741e-16
	vx=0
	vy0
	vz=0
	charge=0
}
Created particle:
Particle properties:{
	mass=1e+51
	x=-2.71343e-16
	y=-4.29724e-16
	z=-2.73557e-16
	vx=0
	vy0
	vz=0
	charge=0
}
Created particle:
Particle properties:{
	mass=1e+51
	x=-4.01398e-17
	y=-7.01252e-17
	z=-5.94261e-17
	vx=0
	vy0
	vz=0
	charge=0
}
Created particle:
Particle properties:{
	mass=1e+51
	x=1.27651e-17
	y=-7.70987e-18
	z=1.20206e-18
	vx=0
	vy0
	vz=0
	charge=0
}
Created particle:
Particle properties:{
	mass=1e+51
	x=-6.24446e-16
	y=4.88564e-16
	z=-1.03206e-16
	vx=0
	vy0
	vz=0
	charge=0
}
Created particle:
Particle properties:{
	mass=1e+51
	x=4.69848e-17
	y=-1.35794e-16
	z=-4.92271e-17
	vx=0
	vy0
	vz=0
	charge=0
}
Created particle:
Particle properties:{
	mass=1e+51
	x=3.60622e-16
	y=6.53515e-17
	z=8.40162e-16
	vx=0
	vy0
	vz=0
	charge=0
}
Created particle:
Particle properties:{
	mass=1e+51
	x=1.08125e-17
	y=4.57268e-17
	z=1.45642e-16
	vx=0
	vy0
	vz=0
	charge=0
}
Created particle:
Particle properties:{
	mass=1e+51
	x=1.17679e-17
	y=2.67886e-16
	z=-2.67882e-16
	vx=0
	vy0
	vz=0
	charge=0
}
Created particle:
Particle properties:{
	mass=1e+51
	x=-7.94517e-16
	y=5.18795e-16
	z=2.40262e-16
	vx=0
	vy0
	vz=0
	charge=0
}
Created particle:
Particle properties:{
	mass=1e+51
	x=1.80095e-16
	y=-1.77998e-16
	z=-7.49343e-17
	vx=0
	vy0
	vz=0
	charge=0
}
Created particle:
Particle properties:{
	mass=1e+51
	x=-1.14617e-16
	y=7.71801e-16
	z=-2.32007e-16
	vx=0
	vy0
	vz=0
	charge=0
}
Created particle:
Particle properties:{
	mass=1e+51
	x=8.62297e-18
	y=3.62119e-18
	z=-3.83273e-18
	vx=0
	vy0
	vz=0
	charge=0
}
Created particle:
Particle properties:{
	mass=1e+51
	x=8.02527e-18
	y=-1.13646e-17
	z=-1.2052e-17
	vx=0
	vy0
	vz=0
	charge=0
}
Created particle:
Particle properties:{
	mass=1e+51
	x=3.22545e-19
	y=1.04389e-20
	z=-2.04558e-19
	vx=0
	vy0
	vz=0
	charge=0
}
Created particle:
Particle properties:{
	mass=1e+51
	x=-5.92318e-16
	y=-2.35241e-16
	z=-4.4632e-17
	vx=0
	vy0
	vz=0
	charge=0
}
Created particle:
Particle properties:{
	mass=1e+51
	x=1.62479e-16
	y=-1.63904e-16
	z=-9.91208e-17
	vx=0
	vy0
	vz=0
	charge=0
}
Created particle:
Particle properties:{
	mass=1e+51
	x=2.24582e-17
	y=-5.05371e-17
	z=1.05609e-16
	vx=0
	vy0
	vz=0
	charge=0
}
Created particle:
Particle properties:{
	mass=1e+51
	x=-1.38669e-17
	y=-5.66644e-17
	z=7.49779e-17
	vx=0
	vy0
	vz=0
	charge=0
}
Created particle:
Particle properties:{
	mass=1e+51
	x=8.59049e-17
	y=-1.0527e-17
	z=3.32264e-17
	vx=0
	vy0
	vz=0
	charge=0
}
Created particle:
Particle properties:{
	mass=1e+51
	x=-1.79497e-16
	y=5.68259e-17
	z=1.92715e-16
	vx=0
	vy0
	vz=0
	charge=0
}
Created particle:
Particle properties:{
	mass=1e+51
	x=2.16619e-16
	y=-1.47478e-16
	z=-6.1819e-16
	vx=0
	vy0
	vz=0
	charge=0
}
Created particle:
Particle properties:{
	mass=1e+51
	x=2.17024e-19
	y=-7.8213e-20
	z=-2.26032e-19
	vx=0
	vy0
	vz=0
	charge=0
}
Created particle:
Particle properties:{
	mass=1e+51
	x=2.66047e-16
	y=4.11519e-16
	z=2.86344e-16
	vx=0
	vy0
	vz=0
	charge=0
}
Created particle:
Particle properties:{
	mass=1e+51
	x=5.81423e-17
	y=-4.60236e-16
	z=-4.08875e-16
	vx=0
	vy0
	vz=0
	charge=0
}
Created particle:
Particle properties:{
	mass=1e+51
	x=-4.03635e-16
	y=-1.09264e-16
	z=7.72363e-16
	vx=0
	vy0
	vz=0
	charge=0
}
Created particle:
Particle properties:{
	mass=1e+51
	x=-6.33707e-16
	y=-1.59314e-16
	z=-1.00673e-16
	vx=0
	vy0
	vz=0
	charge=0
}
Created particle:
Particle properties:{
	mass=1e+51
	x=8.44476e-16
	y=1.41598e-16
	z=1.97177e-16
	vx=0
	vy0
	vz=0
	charge=0
}
Created particle:
Particle properties:{
	mass=1e+51
	x=-1.12378e-19
	y=-3.79846e-19
	z=8.99339e-19
	vx=0
	vy0
	vz=0
	charge=0
}
Created particle:
Particle properties:{
	mass=1e+51
	x=1.54697e-16
	y=-4.39272e-17
	z=1.87722e-16
	vx=0
	vy0
	vz=0
	charge=0
}
Created particle:
Particle properties:{
	mass=1e+51
	x=-8.02261e-17
	y=5.68677e-17
	z=7.57074e-17
	vx=0
	vy0
	vz=0
	charge=0
}
Created particle:
Particle properties:{
	mass=1e+51
	x=-2.52539e-16
	y=2.18232e-16
	z=-4.25352e-16
	vx=0
	vy0
	vz=0
	charge=0
}
Created particle:
Particle properties:{
	mass=1e+51
	x=-4.63604e-16
	y=2.82523e-16
	z=-1.17975e-16
	vx=0
	vy0
	vz=0
	charge=0
}
Created particle:
Particle properties:{
	mass=1e+51
	x=5.65236e-17
	y=1.26463e-16
	z=2.11595e-16
	vx=0
	vy0
	vz=0
	charge=0
}
Created particle:
Particle properties:{
	mass=1e+51
	x=-5.39542e-17
	y=6.95642e-16
	z=5.97177e-17
	vx=0
	vy0
	vz=0
	charge=0
}
Created particle:
Particle properties:{
	mass=1e+51
	x=3.06597e-16
	y=-1.43871e-16
	z=7.73285e-17
	vx=0
	vy0
	vz=0
	charge=0
}
Created particle:
Particle properties:{
	mass=1e+51
	x=-2.00196e-16
	y=-6.05515e-16
	z=-3.33833e-16
	vx=0
	vy0
	vz=0
	charge=0
}
Created particle:
Particle properties:{
	mass=1e+51
	x=3.18905e-16
	y=-1.87155e-16
	z=2.83177e-17
	vx=0
	vy0
	vz=0
	charge=0
}
Created particle:
Particle properties:{
	mass=1e+51
	x=-1.5469e-18
	y=-7.83486e-19
	z=-2.45951e-18
	vx=0
	vy0
	vz=0
	charge=0
}
Created particle:
Particle properties:{
	mass=1e+51
	x=-1.13664e-16
	y=1.21626e-16
	z=1.13109e-17
	vx=0
	vy0
	vz=0
	charge=0
}
Created particle:
Particle properties:{
	mass=1e+51
	x=1.79386e-16
	y=2.89356e-16
	z=2.72539e-16
	vx=0
	vy0
	vz=0
	charge=0
}
Created particle:
Particle properties:{
	mass=1e+51
	x=-1.44308e-16
	y=3.50635e-16
	z=-7.12544e-16
	vx=0
	vy0
	vz=0
	charge=0
}
Created particle:
Particle properties:{
	mass=1e+51
	x=4.06407e-16
	y=-4.47789e-16
	z=6.25348e-16
	vx=0
	vy0
	vz=0
	charge=0
}
Created particle:
Particle properties:{
	mass=1e+51
	x=1.16729e-16
	y=-1.97086e-17
	z=5.42204e-17
	vx=0
	vy0
	vz=0
	charge=0
}
Created particle:
Particle properties:{
	mass=1e+51
	x=1.36639e-18
	y=1.63375e-16
	z=2.06487e-16
	vx=0
	vy0
	vz=0
	charge=0
}
Created particle:
Particle properties:{
	mass=1e+51
	x=-1.70071e-18
	y=-2.41112e-18
	z=-2.18221e-18
	vx=0
	vy0
	vz=0
	charge=0
}
Created particle:
Particle properties:{
	mass=1e+51
	x=2.84083e-18
	y=-1.34479e-17
	z=-2.10511e-18
	vx=0
	vy0
	vz=0
	charge=0
}
Created particle:
Particle properties:{
	mass=1e+51
	x=2.60663e-17
	y=4.7837e-17
	z=-1.02965e-16
	vx=0
	vy0
	vz=0
	charge=0
}
Created particle:
Particle properties:{
	mass=1e+51
	x=2.52397e-18
	y=4.90794e-18
	z=3.19787e-18
	vx=0
	vy0
	vz=0
	charge=0
}
Created particle:
Particle properties:{
	mass=1e+51
	x=2.07003e-18
	y=-1.68725e-17
	z=8.67496e-18
	vx=0
	vy0
	vz=0
	charge=0
}
Created particle:
Particle properties:{
	mass=1e+51
	x=-5.25532e-16
	y=-2.57397e-16
	z=-3.34271e-16
	vx=0
	vy0
	vz=0
	charge=0
}
Created particle:
Particle properties:{
	mass=1e+51
	x=-4.05895e-18
	y=-3.01023e-16
	z=2.24015e-16
	vx=0
	vy0
	vz=0
	charge=0
}
Created particle:
Particle properties:{
	mass=1e+51
	x=4.12064e-18
	y=3.5083e-16
	z=4.73112e-16
	vx=0
	vy0
	vz=0
	charge=0
}
Created particle:
Particle properties:{
	mass=1e+51
	x=-2.7013e-16
	y=2.15289e-16
	z=-5.03489e-16
	vx=0
	vy0
	vz=0
	charge=0
}
Created particle:
Particle properties:{
	mass=1e+51
	x=3.71981e-16
	y=2.7373e-16
	z=-4.54075e-16
	vx=0
	vy0
	vz=0
	charge=0
}
Created particle:
Particle properties:{
	mass=1e+51
	x=-4.89216e-17
	y=2.32533e-17
	z=1.41134e-16
	vx=0
	vy0
	vz=0
	charge=0
}
Created particle:
Particle properties:{
	mass=1e+51
	x=2.71958e-17
	y=-1.61046e-16
	z=-8.93693e-17
	vx=0
	vy0
	vz=0
	charge=0
}
Particle properties:{
	mass=1e+51
	x=-6.38266e-19
	y=2.0492e-19
	z=-1.18996e-18
	vx=0
	vy0
	vz=0
	charge=0
}
Particle properties:{
	mass=1e+51
	x=5.06683e-17
	y=1.14757e-17
	z=2.71056e-17
	vx=0
	vy0
	vz=0
	charge=0
}
Particle properties:{
	mass=1e+51
	x=1.43666e-16
	y=6.10448e-17
	z=-1.74152e-16
	vx=0
	vy0
	vz=0
	charge=0
}
Particle properties:{
	mass=1e+51
	x=5.14233e-16
	y=-2.14661e-16
	z=-2.61859e-16
	vx=0
	vy0
	vz=0
	charge=0
}
Particle properties:{
	mass=1e+51
	x=1.97361e-17
	y=-4.14424e-17
	z=4.21116e-17
	vx=0
	vy0
	vz=0
	charge=0
}
Particle properties:{
	mass=1e+51
	x=-7.53717e-17
	y=-7.51807e-17
	z=-9.95368e-18
	vx=0
	vy0
	vz=0
	charge=0
}
Particle properties:{
	mass=1e+51
	x=9.68322e-17
	y=-1.23811e-16
	z=3.43669e-17
	vx=0
	vy0
	vz=0
	charge=0
}
Particle properties:{
	mass=1e+51
	x=1.06233e-16
	y=-6.65029e-16
	z=3.4945e-16
	vx=0
	vy0
	vz=0
	charge=0
}
Particle properties:{
	mass=1e+51
	x=-2.88162e-16
	y=2.08888e-16
	z=3.70608e-16
	vx=0
	vy0
	vz=0
	charge=0
}
Particle properties:{
	mass=1e+51
	x=1.01419e-17
	y=3.10861e-17
	z=3.61365e-16
	vx=0
	vy0
	vz=0
	charge=0
}
Particle properties:{
	mass=1e+51
	x=8.49005e-18
	y=-2.50849e-18
	z=-1.56551e-17
	vx=0
	vy0
	vz=0
	charge=0
}
Particle properties:{
	mass=1e+51
	x=-5.36561e-17
	y=-1.17767e-16
	z=-1.62312e-16
	vx=0
	vy0
	vz=0
	charge=0
}
Particle properties:{
	mass=1e+51
	x=-5.52241e-17
	y=2.07093e-16
	z=4.57921e-17
	vx=0
	vy0
	vz=0
	charge=0
}
Particle properties:{
	mass=1e+51
	x=-1.968e-18
	y=-2.40271e-18
	z=6.6927e-19
	vx=0
	vy0
	vz=0
	charge=0
}
Particle properties:{
	mass=1e+51
	x=-4.64216e-16
	y=-5.91699e-16
	z=-3.03891e-16
	vx=0
	vy0
	vz=0
	charge=0
}
Particle properties:{
	mass=1e+51
	x=6.15385e-18
	y=1.47216e-17
	z=-3.24229e-18
	vx=0
	vy0
	vz=0
	charge=0
}
Particle properties:{
	mass=1e+51
	x=-3.65222e-18
	y=-3.10382e-17
	z=-1.14596e-16
	vx=0
	vy0
	vz=0
	charge=0
}
Particle properties:{
	mass=1e+51
	x=-1.09315e-17
	y=1.95878e-17
	z=4.85139e-18
	vx=0
	vy0
	vz=0
	charge=0
}
Particle properties:{
	mass=1e+51
	x=-6.36445e-17
	y=-5.47983e-18
	z=-1.75023e-17
	vx=0
	vy0
	vz=0
	charge=0
}
Particle properties:{
	mass=1e+51
	x=1.27627e-16
	y=2.91994e-17
	z=1.93361e-16
	vx=0
	vy0
	vz=0
	charge=0
}
Particle properties:{
	mass=1e+51
	x=-6.41118e-16
	y=-6.87886e-16
	z=3.18812e-16
	vx=0
	vy0
	vz=0
	charge=0
}
Particle properties:{
	mass=1e+51
	x=1.8621e-16
	y=-4.98625e-16
	z=-3.88234e-16
	vx=0
	vy0
	vz=0
	charge=0
}
Particle properties:{
	mass=1e+51
	x=-4.04169e-18
	y=-4.75498e-17
	z=-6.34669e-17
	vx=0
	vy0
	vz=0
	charge=0
}
Particle properties:{
	mass=1e+51
	x=-8.71386e-19
	y=-2.39662e-18
	z=-8.91913e-19
	vx=0
	vy0
	vz=0
	charge=0
}
Particle properties:{
	mass=1e+51
	x=-2.29083e-17
	y=2.13313e-16
	z=9.47746e-19
	vx=0
	vy0
	vz=0
	charge=0
}
Particle properties:{
	mass=1e+51
	x=-3.27169e-16
	y=1.164e-16
	z=9.12356e-17
	vx=0
	vy0
	vz=0
	charge=0
}
Particle properties:{
	mass=1e+51
	x=-4.40127e-17
	y=-7.19189e-17
	z=-3.57561e-17
	vx=0
	vy0
	vz=0
	charge=0
}
Particle properties:{
	mass=1e+51
	x=-2.30937e-19
	y=1.45721e-19
	z=-2.72538e-19
	vx=0
	vy0
	vz=0
	charge=0
}
Particle properties:{
	mass=1e+51
	x=1.37428e-17
	y=-9.57757e-18
	z=-2.13103e-17
	vx=0
	vy0
	vz=0
	charge=0
}
Particle properties:{
	mass=1e+51
	x=-3.29165e-16
	y=3.21115e-16
	z=1.97803e-16
	vx=0
	vy0
	vz=0
	charge=0
}
Particle properties:{
	mass=1e+51
	x=-6.66976e-16
	y=4.03802e-16
	z=1.00419e-16
	vx=0
	vy0
	vz=0
	charge=0
}
Particle properties:{
	mass=1e+51
	x=1.85686e-16
	y=1.07606e-16
	z=2.81436e-16
	vx=0
	vy0
	vz=0
	charge=0
}
Particle properties:{
	mass=1e+51
	x=8.44111e-18
	y=3.61262e-16
	z=3.98819e-17
	vx=0
	vy0
	vz=0
	charge=0
}
Particle properties:{
	mass=1e+51
	x=-6.19556e-16
	y=-3.19681e-16
	z=-1.3276e-16
	vx=0
	vy0
	vz=0
	charge=0
}
Particle properties:{
	mass=1e+51
	x=2.55625e-16
	y=-8.85535e-17
	z=2.55412e-16
	vx=0
	vy0
	vz=0
	charge=0
}
Particle properties:{
	mass=1e+51
	x=1.41689e-16
	y=8.1083e-17
	z=3.17084e-17
	vx=0
	vy0
	vz=0
	charge=0
}
Particle properties:{
	mass=1e+51
	x=1.73777e-16
	y=-2.71001e-16
	z=-1.8634e-16
	vx=0
	vy0
	vz=0
	charge=0
}
Particle properties:{
	mass=1e+51
	x=-6.92606e-17
	y=-1.45478e-17
	z=-3.97656e-17
	vx=0
	vy0
	vz=0
	charge=0
}
Particle properties:{
	mass=1e+51
	x=1.15475e-16
	y=-4.16076e-16
	z=6.13399e-17
	vx=0
	vy0
	vz=0
	charge=0
}
Particle properties:{
	mass=1e+51
	x=6.63004e-18
	y=-5.72441e-18
	z=-1.60703e-18
	vx=0
	vy0
	vz=0
	charge=0
}
Particle properties:{
	mass=1e+51
	x=-2.28537e-17
	y=-2.32104e-17
	z=4.74379e-17
	vx=0
	vy0
	vz=0
	charge=0
}
Particle properties:{
	mass=1e+51
	x=1.57843e-16
	y=4.91818e-16
	z=6.00632e-16
	vx=0
	vy0
	vz=0
	charge=0
}
Particle properties:{
	mass=1e+51
	x=1.27507e-17
	y=-5.33536e-18
	z=-1.09374e-17
	vx=0
	vy0
	vz=0
	charge=0
}
Particle properties:{
	mass=1e+51
	x=-6.28215e-16
	y=3.79278e-16
	z=3.87741e-16
	vx=0
	vy0
	vz=0
	charge=0
}
Particle properties:{
	mass=1e+51
	x=-2.71343e-16
	y=-4.29724e-16
	z=-2.73557e-16
	vx=0
	vy0
	vz=0
	charge=0
}
Particle properties:{
	mass=1e+51
	x=-4.01398e-17
	y=-7.01252e-17
	z=-5.94261e-17
	vx=0
	vy0
	vz=0
	charge=0
}
Particle properties:{
	mass=1e+51
	x=1.27651e-17
	y=-7.70987e-18
	z=1.20206e-18
	vx=0
	vy0
	vz=0
	charge=0
}
Particle properties:{
	mass=1e+51
	x=-6.24446e-16
	y=4.88564e-16
	z=-1.03206e-16
	vx=0
	vy0
	vz=0
	charge=0
}
Particle properties:{
	mass=1e+51
	x=4.69848e-17
	y=-1.35794e-16
	z=-4.92271e-17
	vx=0
	vy0
	vz=0
	charge=0
}
Particle properties:{
	mass=1e+51
	x=3.60622e-16
	y=6.53515e-17
	z=8.40162e-16
	vx=0
	vy0
	vz=0
	charge=0
}
Particle properties:{
	mass=1e+51
	x=1.08125e-17
	y=4.57268e-17
	z=1.45642e-16
	vx=0
	vy0
	vz=0
	charge=0
}
Particle properties:{
	mass=1e+51
	x=1.17679e-17
	y=2.67886e-16
	z=-2.67882e-16
	vx=0
	vy0
	vz=0
	charge=0
}
Particle properties:{
	mass=1e+51
	x=-7.94517e-16
	y=5.18795e-16
	z=2.40262e-16
	vx=0
	vy0
	vz=0
	charge=0
}
Particle properties:{
	mass=1e+51
	x=1.80095e-16
	y=-1.77998e-16
	z=-7.49343e-17
	vx=0
	vy0
	vz=0
	charge=0
}
Particle properties:{
	mass=1e+51
	x=-1.14617e-16
	y=7.71801e-16
	z=-2.32007e-16
	vx=0
	vy0
	vz=0
	charge=0
}
Particle properties:{
	mass=1e+51
	x=8.62297e-18
	y=3.62119e-18
	z=-3.83273e-18
	vx=0
	vy0
	vz=0
	charge=0
}
Particle properties:{
	mass=1e+51
	x=8.02527e-18
	y=-1.13646e-17
	z=-1.2052e-17
	vx=0
	vy0
	vz=0
	charge=0
}
Particle properties:{
	mass=1e+51
	x=3.22545e-19
	y=1.04389e-20
	z=-2.04558e-19
	vx=0
	vy0
	vz=0
	charge=0
}
Particle properties:{
	mass=1e+51
	x=-5.92318e-16
	y=-2.35241e-16
	z=-4.4632e-17
	vx=0
	vy0
	vz=0
	charge=0
}
Particle properties:{
	mass=1e+51
	x=1.62479e-16
	y=-1.63904e-16
	z=-9.91208e-17
	vx=0
	vy0
	vz=0
	charge=0
}
Particle properties:{
	mass=1e+51
	x=2.24582e-17
	y=-5.05371e-17
	z=1.05609e-16
	vx=0
	vy0
	vz=0
	charge=0
}
Particle properties:{
	mass=1e+51
	x=-1.38669e-17
	y=-5.66644e-17
	z=7.49779e-17
	vx=0
	vy0
	vz=0
	charge=0
}
Particle properties:{
	mass=1e+51
	x=8.59049e-17
	y=-1.0527e-17
	z=3.32264e-17
	vx=0
	vy0
	vz=0
	charge=0
}
Particle properties:{
	mass=1e+51
	x=-1.79497e-16
	y=5.68259e-17
	z=1.92715e-16
	vx=0
	vy0
	vz=0
	charge=0
}
Particle properties:{
	mass=1e+51
	x=2.16619e-16
	y=-1.47478e-16
	z=-6.1819e-16
	vx=0
	vy0
	vz=0
	charge=0
}
Particle properties:{
	mass=1e+51
	x=2.17024e-19
	y=-7.8213e-20
	z=-2.26032e-19
	vx=0
	vy0
	vz=0
	charge=0
}
Particle properties:{
	mass=1e+51
	x=2.66047e-16
	y=4.11519e-16
	z=2.86344e-16
	vx=0
	vy0
	vz=0
	charge=0
}
Particle properties:{
	mass=1e+51
	x=5.81423e-17
	y=-4.60236e-16
	z=-4.08875e-16
	vx=0
	vy0
	vz=0
	charge=0
}
Particle properties:{
	mass=1e+51
	x=-4.03635e-16
	y=-1.09264e-16
	z=7.72363e-16
	vx=0
	vy0
	vz=0
	charge=0
}
Particle properties:{
	mass=1e+51
	x=-6.33707e-16
	y=-1.59314e-16
	z=-1.00673e-16
	vx=0
	vy0
	vz=0
	charge=0
}
Particle properties:{
	mass=1e+51
	x=8.44476e-16
	y=1.41598e-16
	z=1.97177e-16
	vx=0
	vy0
	vz=0
	charge=0
}
Particle properties:{
	mass=1e+51
	x=-1.12378e-19
	y=-3.79846e-19
	z=8.99339e-19
	vx=0
	vy0
	vz=0
	charge=0
}
Particle properties:{
	mass=1e+51
	x=1.54697e-16
	y=-4.39272e-17
	z=1.87722e-16
	vx=0
	vy0
	vz=0
	charge=0
}
Particle properties:{
	mass=1e+51
	x=-8.02261e-17
	y=5.68677e-17
	z=7.57074e-17
	vx=0
	vy0
	vz=0
	charge=0
}
Particle properties:{
	mass=1e+51
	x=-2.52539e-16
	y=2.18232e-16
	z=-4.25352e-16
	vx=0
	vy0
	vz=0
	charge=0
}
Particle properties:{
	mass=1e+51
	x=-4.63604e-16
	y=2.82523e-16
	z=-1.17975e-16
	vx=0
	vy0
	vz=0
	charge=0
}
Particle properties:{
	mass=1e+51
	x=5.65236e-17
	y=1.26463e-16
	z=2.11595e-16
	vx=0
	vy0
	vz=0
	charge=0
}
Particle properties:{
	mass=1e+51
	x=-5.39542e-17
	y=6.95642e-16
	z=5.97177e-17
	vx=0
	vy0
	vz=0
	charge=0
}
Particle properties:{
	mass=1e+51
	x=3.06597e-16
	y=-1.43871e-16
	z=7.73285e-17
	vx=0
	vy0
	vz=0
	charge=0
}
Particle properties:{
	mass=1e+51
	x=-2.00196e-16
	y=-6.05515e-16
	z=-3.33833e-16
	vx=0
	vy0
	vz=0
	charge=0
}
Particle properties:{
	mass=1e+51
	x=3.18905e-16
	y=-1.87155e-16
	z=2.83177e-17
	vx=0
	vy0
	vz=0
	charge=0
}
Particle properties:{
	mass=1e+51
	x=-1.5469e-18
	y=-7.83486e-19
	z=-2.45951e-18
	vx=0
	vy0
	vz=0
	charge=0
}
Particle properties:{
	mass=1e+51
	x=-1.13664e-16
	y=1.21626e-16
	z=1.13109e-17
	vx=0
	vy0
	vz=0
	charge=0
}
Particle properties:{
	mass=1e+51
	x=1.79386e-16
	y=2.89356e-16
	z=2.72539e-16
	vx=0
	vy0
	vz=0
	charge=0
}
Particle properties:{
	mass=1e+51
	x=-1.44308e-16
	y=3.50635e-16
	z=-7.12544e-16
	vx=0
	vy0
	vz=0
	charge=0
}
Particle properties:{
	mass=1e+51
	x=4.06407e-16
	y=-4.47789e-16
	z=6.25348e-16
	vx=0
	vy0
	vz=0
	charge=0
}
Particle properties:{
	mass=1e+51
	x=1.16729e-16
	y=-1.97086e-17
	z=5.42204e-17
	vx=0
	vy0
	vz=0
	charge=0
}
Particle properties:{
	mass=1e+51
	x=1.36639e-18
	y=1.63375e-16
	z=2.06487e-16
	vx=0
	vy0
	vz=0
	charge=0
}
Particle properties:{
	mass=1e+51
	x=-1.70071e-18
	y=-2.41112e-18
	z=-2.18221e-18
	vx=0
	vy0
	vz=0
	charge=0
}
Particle properties:{
	mass=1e+51
	x=2.84083e-18
	y=-1.34479e-17
	z=-2.10511e-18
	vx=0
	vy0
	vz=0
	charge=0
}
Particle properties:{
	mass=1e+51
	x=2.60663e-17
	y=4.7837e-17
	z=-1.02965e-16
	vx=0
	vy0
	vz=0
	charge=0
}
Particle properties:{
	mass=1e+51
	x=2.52397e-18
	y=4.90794e-18
	z=3.19787e-18
	vx=0
	vy0
	vz=0
	charge=0
}
Particle properties:{
	mass=1e+51
	x=2.07003e-18
	y=-1.68725e-17
	z=8.67496e-18
	vx=0
	vy0
	vz=0
	charge=0
}
Particle properties:{
	mass=1e+51
	x=-5.25532e-16
	y=-2.57397e-16
	z=-3.34271e-16
	vx=0
	vy0
	vz=0
	charge=0
}
Particle properties:{
	mass=1e+51
	x=-4.05895e-18
	y=-3.01023e-16
	z=2.24015e-16
	vx=0
	vy0
	vz=0
	charge=0
}
Particle properties:{
	mass=1e+51
	x=4.12064e-18
	y=3.5083e-16
	z=4.73112e-16
	vx=0
	vy0
	vz=0
	charge=0
}
Particle properties:{
	mass=1e+51
	x=-2.7013e-16
	y=2.15289e-16
	z=-5.03489e-16
	vx=0
	vy0
	vz=0
	charge=0
}
Particle properties:{
	mass=1e+51
	x=3.71981e-16
	y=2.7373e-16
	z=-4.54075e-16
	vx=0
	vy0
	vz=0
	charge=0
}
Particle properties:{
	mass=1e+51
	x=-4.89216e-17
	y=2.32533e-17
	z=1.41134e-16
	vx=0
	vy0
	vz=0
	charge=0
}
Particle properties:{
	mass=1e+51
	x=2.71958e-17
	y=-1.61046e-16
	z=-8.93693e-17
	vx=0
	vy0
	vz=0
	charge=0
}
